0 silly argv { _: [ 'import' ],
0 silly argv   lernaVersion: '3.6.0',
0 silly argv   '$0':
0 silly argv    '..\\..\\..\\..\\AppData\\Roaming\\npm\\node_modules\\lerna\\cli.js',
0 silly argv   dir: '../../valpunk/valpunk-lib/valpunk-ui' }
1 notice cli v3.6.0
2 verbose rootPath C:\Users\Enric\Documents\projects\learn\valpunk-lerna
3 error Error: Command failed: git rev-parse HEAD
3 error fatal: ambiguous argument 'HEAD': unknown revision or path not in the working tree.
3 error Use '--' to separate paths from revisions, like this:
3 error 'git <command> [<revision>...] -- [<file>...]'
3 error
3 error HEAD
3 error
3 error     at makeError (C:\Users\Enric\AppData\Roaming\npm\node_modules\lerna\node_modules\execa\index.js:174:9)
3 error     at Function.module.exports.sync (C:\Users\Enric\AppData\Roaming\npm\node_modules\lerna\node_modules\execa\index.js:338:15)
3 error     at Object.execSync (C:\Users\Enric\AppData\Roaming\npm\node_modules\lerna\node_modules\@lerna\child-process\index.js:22:16)
3 error     at ImportCommand.getCurrentSHA (C:\Users\Enric\AppData\Roaming\npm\node_modules\lerna\node_modules\@lerna\import\index.js:128:34)
3 error     at ImportCommand.initialize (C:\Users\Enric\AppData\Roaming\npm\node_modules\lerna\node_modules\@lerna\import\index.js:97:31)
3 error     at Promise.resolve.then (C:\Users\Enric\AppData\Roaming\npm\node_modules\lerna\node_modules\@lerna\command\index.js:245:24)
